<?xml version="1.0" encoding="UTF-8"?>
<!-- Generated by org.testng.reporters.JUnitReportReporter -->
<testsuite hostname="CEW10111" failures="0" tests="2" name="tests.LoginTest" time="0.210" errors="0" timestamp="2023-06-08T08:13:00 CEST" skipped="0">
  <testcase classname="tests.LoginTest" name="Login" time="0.181"/>
  <system-out/>
  <testcase classname="tests.LoginTest" name="HomePageVerify" time="0.029"/>
  <system-out/>
</testsuite> <!-- tests.LoginTest -->
