<?xml version="1.0" encoding="UTF-8"?>
<!-- Generated by org.testng.reporters.JUnitReportReporter -->
<testsuite hostname="CEW10111" failures="0" tests="2" name="tests.LoginTest" time="0.207" errors="0" timestamp="2023-06-08T09:49:47 CEST" skipped="0">
  <testcase classname="tests.LoginTest" name="Login" time="0.182"/>
  <system-out/>
  <testcase classname="tests.LoginTest" name="VerifyHomePage" time="0.025"/>
  <system-out/>
</testsuite> <!-- tests.LoginTest -->
