<?xml version="1.0" encoding="UTF-8"?>
<!-- Generated by org.testng.reporters.JUnitReportReporter -->
<testsuite hostname="CEW10111" failures="0" tests="3" name="tests.HomeTest" time="0.320" errors="0" timestamp="2023-06-08T09:49:47 CEST" skipped="0">
  <testcase classname="tests.HomeTest" name="Login" time="0.210"/>
  <system-out/>
  <testcase classname="tests.HomeTest" name="VerifyHomePage" time="0.020"/>
  <system-out/>
  <testcase classname="tests.HomeTest" name="VerifyAddItemtoCart" time="0.090"/>
  <system-out/>
</testsuite> <!-- tests.HomeTest -->
