<?xml version="1.0" encoding="UTF-8"?>
<!-- Generated by org.testng.reporters.JUnitReportReporter -->
<testsuite hostname="CEW10111" failures="0" tests="1" name="tests.LoginTest" time="0.199" errors="0" timestamp="2023-06-08T12:52:44 CEST" skipped="0">
  <testcase classname="tests.LoginTest" name="Login" time="0.199"/>
  <system-out/>
</testsuite> <!-- tests.LoginTest -->
