<?xml version="1.0" encoding="UTF-8"?>
<!-- Generated by org.testng.reporters.JUnitReportReporter -->
<testsuite hostname="DESKTOP-HVL7KDT" failures="0" tests="1" name="tests.HomeTest" time="0.489" errors="0" timestamp="2023-06-29T18:59:17 PST" skipped="0">
  <testcase classname="tests.HomeTest" name="VerifyAddItemtoCart" time="0.489"/>
  <system-out/>
</testsuite> <!-- tests.HomeTest -->
