<?xml version="1.0" encoding="UTF-8"?>
<!-- Generated by org.testng.reporters.JUnitReportReporter -->
<testsuite hostname="CEW10111" failures="0" tests="2" name="tests.LoginTest" time="0.190" errors="0" timestamp="2023-06-08T07:20:47 CEST" skipped="0">
  <testcase classname="tests.LoginTest" name="Login" time="0.166"/>
  <system-out/>
  <testcase classname="tests.LoginTest" name="HomePageVerify" time="0.024"/>
  <system-out/>
</testsuite> <!-- tests.LoginTest -->
