<?xml version="1.0" encoding="UTF-8"?>
<!-- Generated by org.testng.reporters.JUnitReportReporter -->
<testsuite hostname="CEW10111" failures="0" tests="1" name="tests.HomeTest" time="0.273" errors="0" timestamp="2023-06-08T13:02:08 CEST" skipped="0">
  <testcase classname="tests.HomeTest" name="VerifyAddItemtoCart" time="0.273"/>
  <system-out/>
</testsuite> <!-- tests.HomeTest -->
